Diagnose log at 2025-07-28T07:58:08Z

AppPath: C:\Program Files\Git\mingw64\bin\git-credential-manager.exe
InstallDir: C:\Program Files\Git\mingw64\bin\
Version: 2.4.1

------------
Diagnostic: Environment
Skipped: False
Success: True
Exception: None
Log:
OSType: Windows
OSVersion: 10.0 (build 22631)
Reading environment variables... OK
 Variables:
HOMEPATH=\Users\koreg
DriverData=C:\Windows\System32\Drivers\DriverData
COMPUTERNAME=GANESH-KORE
MSYSTEM=MINGW64
CommonProgramFiles(x86)=C:\Program Files (x86)\Common Files
FLEXID_LIBRARY_PATH=C:\Program Files\Seequent\GeoStudio Common\;C:\Program Files\GEO-SLOPE\GeoStudio Common\
ChocolateyLastPathUpdate=133318434304423187
ProgramFiles(x86)=C:\Program Files (x86)
VISSIM2023_EXAMPLES=C:\Users\Public\Documents\PTV Vision\PTV Vissim 2023
CONFIG_SITE=C:/Program Files/Git/etc/config.site
LC_CTYPE=en_GB.UTF-8
USERDOMAIN=GANESH-KORE
PATHEXT=.COM;.EXE;.BAT;.CMD;.VBS;.VBE;.JS;.JSE;.WSF;.WSH;.MSC;.PY;.PYW
ORIGINAL_TEMP=C:/Users/koreg/AppData/Local/Temp
MINGW_PREFIX=C:/Program Files/Git/mingw64
GIT_EXEC_PATH=C:/Program Files/Git/mingw64/libexec/git-core
ACLOCAL_PATH=C:\Program Files\Git\mingw64\share\aclocal;C:\Program Files\Git\usr\share\aclocal
TEMP=C:\Users\koreg\AppData\Local\Temp
LOCALAPPDATA=C:\Users\koreg\AppData\Local
MANPATH=C:\Program Files\Git\mingw64\local\man;C:\Program Files\Git\mingw64\share\man;C:\Program Files\Git\usr\local\man;C:\Program Files\Git\usr\share\man;C:\Program Files\Git\usr\man;C:\Program Files\Git\share\man
OneDrive=C:\Users\koreg\OneDrive
PROCESSOR_IDENTIFIER=Intel64 Family 6 Model 140 Stepping 1, GenuineIntel
MSYSTEM_CARCH=x86_64
PROGRAMFILES=C:\Program Files (x86)
ProgramData=C:\ProgramData
TERM_PROGRAM_VERSION=3.7.0
ORIGINAL_TMP=C:/Users/koreg/AppData/Local/Temp
PROCESSOR_REVISION=8c01
SYSTEMROOT=C:\WINDOWS
TERM_PROGRAM=mintty
PROCESSOR_LEVEL=6
NUMBER_OF_PROCESSORS=8
SSH_ASKPASS=C:/Program Files/Git/mingw64/bin/git-askpass.exe
SHLVL=1
APPDATA=C:\Users\koreg\AppData\Roaming
SYSTEMDRIVE=C:
PSModulePath=C:\Program Files\WindowsPowerShell\Modules;C:\WINDOWS\system32\WindowsPowerShell\v1.0\Modules
PUBLIC=C:\Users\Public
HOSTNAME=GANESH-KORE
PKG_CONFIG_PATH=C:\Program Files\Git\mingw64\lib\pkgconfig;C:\Program Files\Git\mingw64\share\pkgconfig
MSYSTEM_CHOST=x86_64-w64-mingw32
TERM=xterm
PLINK_PROTOCOL=ssh
INFOPATH=C:\Program Files\Git\mingw64\local\info;C:\Program Files\Git\mingw64\share\info;C:\Program Files\Git\usr\local\info;C:\Program Files\Git\usr\share\info;C:\Program Files\Git\usr\info;C:\Program Files\Git\share\info
MSYS=disable_pcon
PATH=C:/Program Files/Git/mingw64/libexec/git-core;C:\Users\koreg\bin;C:\Program Files\Git\mingw64\bin;C:\Program Files\Git\usr\local\bin;C:\Program Files\Git\usr\bin;C:\Program Files\Git\usr\bin;C:\Program Files\Git\mingw64\bin;C:\Program Files\Git\usr\bin;C:\Users\koreg\bin;C:\app\koreg\product\21c\dbhomeXE\bin;C:\Program Files\Common Files\Oracle\Java\javapath;C:\Python312\Scripts;C:\Python312;C:\WINDOWS\system32;C:\WINDOWS;C:\WINDOWS\System32\Wbem;C:\WINDOWS\System32\WindowsPowerShell\v1.0;C:\WINDOWS\System32\OpenSSH;C:\ProgramData\chocolatey\bin;C:\Program Files\Common Files\Autodesk Shared;C:\Program Files\Microsoft SQL Server\150\Tools\Binn;C:\Program Files\Git\cmd;C:\Program Files\nodejs;C:\Program Files\Java\jdk-23\bin;C:\Program Files\apache-maven-3.9.9\bin;C:\Users\koreg\AppData\Local\Microsoft\WindowsApps;C:\Program Files\MongoDB\Server\6.0\bin;C:\mongosh\mongosh-1.10.1-win32-x64\bin;C:\Program Files\MySQL\MySQL Server 8.0\bin;C:\Users\koreg\AppData\Local\Programs\Microsoft VS Code\bin;C:\Users\koreg\AppData\Roaming\npm;C:\Users\koreg\AppData\Local\GitHubDesktop\bin;C:\Program Files\Git\usr\bin\vendor_perl;C:\Program Files\Git\usr\bin\core_perl
ChocolateyInstall=C:\ProgramData\chocolatey
GIT_TRACE2_PARENT_SID=de22b286-3388-431e-8884-de4214b10174
PKG_CONFIG_SYSTEM_LIBRARY_PATH=C:/Program Files/Git/mingw64/lib
TMPDIR=C:\Users\koreg\AppData\Local\Temp
TMP=C:\Users\koreg\AppData\Local\Temp
EFC_8868=1
SHELL=C:\Program Files\Git\usr\bin\bash.exe
HOME=C:\Users\koreg
COMSPEC=C:\WINDOWS\system32\cmd.exe
ZES_ENABLE_SYSMAN=1
LOGONSERVER=\\GANESH-KORE
USERPROFILE=C:\Users\koreg
DISPLAY=needs-to-be-defined
COMMONPROGRAMFILES=C:\Program Files (x86)\Common Files
WINDIR=C:\WINDOWS
USERDOMAIN_ROAMINGPROFILE=GANESH-KORE
CommonProgramW6432=C:\Program Files\Common Files
HOMEDRIVE=C:
MSYSTEM_PREFIX=C:/Program Files/Git/mingw64
OLDPWD=C:/Users/koreg
MINGW_PACKAGE_PREFIX=mingw-w64-x86_64
SESSIONNAME=Console
PWD=D:/Reactapp/xWeatherApp
EXEPATH=C:\Program Files\Git
USERNAME=koreg
PROCESSOR_ARCHITEW6432=AMD64
ORIGINAL_PATH=C:\Program Files\Git\mingw64\bin;C:\Program Files\Git\usr\bin;C:\Users\koreg\bin;C:\app\koreg\product\21c\dbhomeXE\bin;C:\Program Files\Common Files\Oracle\Java\javapath;C:\Python312\Scripts;C:\Python312;C:\WINDOWS\system32;C:\WINDOWS;C:\WINDOWS\System32\Wbem;C:\WINDOWS\System32\WindowsPowerShell\v1.0;C:\WINDOWS\System32\OpenSSH;C:\ProgramData\chocolatey\bin;C:\Program Files\Common Files\Autodesk Shared;C:\Program Files\Microsoft SQL Server\150\Tools\Binn;C:\Program Files\Git\cmd;C:\Program Files\nodejs;C:\Program Files\Java\jdk-23\bin;C:\Program Files\apache-maven-3.9.9\bin;C:\Users\koreg\AppData\Local\Microsoft\WindowsApps;C:\Program Files\MongoDB\Server\6.0\bin;C:\mongosh\mongosh-1.10.1-win32-x64\bin;C:\Program Files\MySQL\MySQL Server 8.0\bin;C:\Users\koreg\AppData\Local\Programs\Microsoft VS Code\bin;C:\Users\koreg\AppData\Roaming\npm;C:\Users\koreg\AppData\Local\GitHubDesktop\bin
PROCESSOR_ARCHITECTURE=x86
PS1=\[\033]0;$TITLEPREFIX:$PWD\007\]\n\[\033[32m\]\u@\h \[\033[35m\]$MSYSTEM \[\033[33m\]\w\[\033[36m\]`__git_ps1`\[\033[0m\]\n$ 
OS=Windows_NT
ProgramW6432=C:\Program Files
MINGW_CHOST=x86_64-w64-mingw32
PKG_CONFIG_SYSTEM_INCLUDE_PATH=C:/Program Files/Git/mingw64/include
_=C:/Program Files/Git/mingw64/bin/git
ALLUSERSPROFILE=C:\ProgramData


------------
Diagnostic: File system
Skipped: False
Success: True
Exception: None
Log:
Temporary directory is 'C:\Users\koreg\AppData\Local\Temp\'...
Checking basic file I/O...
Writing to temporary file 'C:\Users\koreg\AppData\Local\Temp\df6846958e5a3127c8903214'... OK
Reading from temporary file 'C:\Users\koreg\AppData\Local\Temp\df6846958e5a3127c8903214'... OK
Deleting temporary file 'C:\Users\koreg\AppData\Local\Temp\df6846958e5a3127c8903214'... OK
Testing IFileSystem instance...
UserHomePath: C:\Users\koreg
UserDataDirectoryPath: C:\Users\koreg\.gcm
GetCurrentDirectory(): D:\Reactapp\xWeatherApp

------------
Diagnostic: Networking
Skipped: False
Success: True
Exception: None
Log:
Checking networking and HTTP stack...
Creating HTTP client... OK
IsNetworkAvailable: True
Sending HEAD request to http://example.com...Sending HEAD request to https://example.com... OK
 OK
Acquiring free TCP port... OK
Testing local HTTP loopback connections...
Creating new HTTP listener for http://localhost:57112/... OK
Waiting for loopback connection... OK
Writing response... OK
Waiting for response data... OK
Loopback connection data OK

------------
Diagnostic: Git
Skipped: False
Success: True
Exception: None
Log:
Getting Git version... OK
Git version is '2.44.0.windows.1'
Locating current repository... OK
Git repository at 'D:/Reactapp/xWeatherApp/.git'
Listing all Git configuration... OK
Git configuration:
file:C:/Program Files/Git/etc/gitconfig	diff.astextplain.textconv=astextplain
file:C:/Program Files/Git/etc/gitconfig	filter.lfs.clean=git-lfs clean -- %f
file:C:/Program Files/Git/etc/gitconfig	filter.lfs.smudge=git-lfs smudge -- %f
file:C:/Program Files/Git/etc/gitconfig	filter.lfs.process=git-lfs filter-process
file:C:/Program Files/Git/etc/gitconfig	filter.lfs.required=true
file:C:/Program Files/Git/etc/gitconfig	http.sslbackend=openssl
file:C:/Program Files/Git/etc/gitconfig	http.sslcainfo=C:/Program Files/Git/mingw64/etc/ssl/certs/ca-bundle.crt
file:C:/Program Files/Git/etc/gitconfig	core.autocrlf=true
file:C:/Program Files/Git/etc/gitconfig	core.fscache=true
file:C:/Program Files/Git/etc/gitconfig	core.symlinks=false
file:C:/Program Files/Git/etc/gitconfig	pull.rebase=false
file:C:/Program Files/Git/etc/gitconfig	credential.helper=manager
file:C:/Program Files/Git/etc/gitconfig	credential.https://dev.azure.com.usehttppath=true
file:C:/Program Files/Git/etc/gitconfig	init.defaultbranch=master
file:C:/Users/koreg/.gitconfig	user.email=vabhinav991222@gmail.com
file:C:/Users/koreg/.gitconfig	user.name=Abhinav-36
file:C:/Users/koreg/.gitconfig	filter.lfs.clean=git-lfs clean -- %f
file:C:/Users/koreg/.gitconfig	filter.lfs.smudge=git-lfs smudge -- %f
file:C:/Users/koreg/.gitconfig	filter.lfs.process=git-lfs filter-process
file:C:/Users/koreg/.gitconfig	filter.lfs.required=true
file:C:/Users/koreg/.gitconfig	core.autocrlf=false
file:C:/Users/koreg/.gitconfig	credential.helper=
file:C:/Users/koreg/.gitconfig	credential.helper=C:/Program\ Files/Git/mingw64/bin/git-credential-manager.exe
file:.git/config	core.repositoryformatversion=0
file:.git/config	core.filemode=false
file:.git/config	core.bare=false
file:.git/config	core.logallrefupdates=true
file:.git/config	core.symlinks=false
file:.git/config	core.ignorecase=true
file:.git/config	remote.origin.url=https://github.com/Abhinav-36/xWeatherApp.git
file:.git/config	remote.origin.fetch=+refs/heads/*:refs/remotes/origin/*
file:.git/config	branch.main.remote=origin
file:.git/config	branch.main.merge=refs/heads/main


------------
Diagnostic: Credential storage
Skipped: False
Success: True
Exception: None
Log:
ICredentialStore instance is of type: CredentialStore
Writing test credential... OK
Reading test credential... OK
Deleting test credential... OK

------------
Diagnostic: Microsoft authentication (AAD/MSA)
Skipped: False
Success: True
Exception: None
Log:
Broker is not enabled.
Flow type is: Auto
Gathering MSAL token cache data... OK
CacheDirectory: C:\Users\koreg\AppData\Local\.IdentityService
CacheFileName: msal.cache
CacheFilePath: C:\Users\koreg\AppData\Local\.IdentityService\msal.cache
Creating cache helper... OK
Verifying MSAL token cache persistence... OK

------------
Diagnostic: GitHub API
Skipped: False
Success: True
Exception: None
Log:
Using 'https://github.com/' as API target.
Querying '/meta' endpoint... OK

